2023-12-13 22:58:53,001  - Namespace(device=device(type='cuda'), epochs=1, robber_open=0, robber_close=0, margin=1, nMultiplier=100, feeROpen=0.00031999999999999997, feeRClose=0.00132, isMultiDataTrain=True, closedayes=10, targetPoint=0.05, benefit=0.05, width1=12, width2=1, cashPerStock=300000)
2023-12-13 22:58:54,033  - Note: NumExpr detected 12 cores but "NUMEXPR_MAX_THREADS" not set, so enforcing safe limit of 8.
2023-12-13 22:58:54,033  - NumExpr defaulting to 8 threads.
2023-12-13 22:58:54,367  - code:BayesSZSE.300498 mae:0.5136 mse:0.4478 acc:52.19 pre_pos:50.41 pre_neg:53.41 rec_pos:42.66 rec_neg:61.04 F1_pos:46.21 F1_neg:56.97 
2023-12-13 22:58:54,708  - code:BayesSZSE.300122 mae:17.9582 mse:424.3015 acc:47.14 pre_pos:46.90 pre_neg:57.14 rec_pos:97.84 rec_neg:2.53 F1_pos:63.40 F1_neg:4.85 
2023-12-13 22:58:54,955  - code:BayesSZSE.300059 mae:1.0056 mse:1.6043 acc:48.48 pre_pos:45.60 pre_neg:53.85 rec_pos:64.71 rec_neg:34.78 F1_pos:53.50 F1_neg:42.26 
2023-12-13 22:58:55,199  - code:BayesSZSE.002812 mae:43.5924 mse:2479.4774 acc:39.39 pre_pos:38.83 pre_neg:66.67 rec_pos:98.26 rec_neg:2.20 F1_pos:55.67 F1_neg:4.26 
2023-12-13 22:58:55,451  - code:BayesSZSE.002594 mae:35.0665 mse:1458.5886 acc:48.48 pre_pos:46.43 pre_neg:54.79 rec_pos:75.91 rec_neg:25.00 F1_pos:57.62 F1_neg:34.33 
2023-12-13 22:58:55,701  - code:BayesSZSE.002475 mae:1.8358 mse:5.0949 acc:48.82 pre_pos:44.86 pre_neg:66.67 rec_pos:85.83 rec_neg:21.18 F1_pos:58.92 F1_neg:32.14 
2023-12-13 22:58:55,950  - code:BayesSZSE.002352 mae:1.8840 mse:5.7113 acc:47.14 pre_pos:44.98 pre_neg:54.41 rec_pos:76.87 rec_neg:22.70 F1_pos:56.75 F1_neg:32.03 
2023-12-13 22:58:56,194  - code:BayesSZSE.002027 mae:0.1752 mse:0.0535 acc:48.48 pre_pos:41.38 pre_neg:55.26 rec_pos:46.88 rec_neg:49.70 F1_pos:43.96 F1_neg:52.34 
2023-12-13 22:58:56,483  - code:BayesSZSE.000917 mae:0.1109 mse:0.0217 acc:49.49 pre_pos:46.41 pre_neg:52.78 rec_pos:51.08 rec_neg:48.10 F1_pos:48.63 F1_neg:50.33 
2023-12-13 22:58:56,726  - code:BayesSZSE.000858 mae:22.5670 mse:655.5603 acc:46.13 pre_pos:46.24 pre_neg:44.44 rec_pos:92.81 rec_neg:5.06 F1_pos:61.72 F1_neg:9.09 
2023-12-13 22:58:56,982  - code:BayesSZSE.000776 mae:0.9821 mse:3.7251 acc:56.90 pre_pos:53.26 pre_neg:58.54 rec_pos:36.57 rec_neg:73.62 F1_pos:43.36 F1_neg:65.22 
2023-12-13 22:58:57,233  - code:BayesSZSE.000725 mae:0.0657 mse:0.0080 acc:48.15 pre_pos:38.31 pre_neg:58.74 rec_pos:50.00 rec_neg:46.93 F1_pos:43.38 F1_neg:52.17 
2023-12-13 22:58:57,484  - code:BayesSZSE.000568 mae:5.8085 mse:55.4202 acc:46.46 pre_pos:43.68 pre_neg:50.41 rec_pos:55.47 rec_neg:38.75 F1_pos:48.87 F1_neg:43.82 
2023-12-13 22:58:57,744  - code:BayesSZSE.000002 mae:3.6977 mse:16.5870 acc:45.79 pre_pos:45.61 pre_neg:100.00 rec_pos:100.00 rec_neg:0.62 F1_pos:62.65 F1_neg:1.23 
2023-12-13 22:58:57,984  - code:BayesSZSE.000001 mae:0.3305 mse:0.1664 acc:46.80 pre_pos:42.62 pre_neg:53.51 rec_pos:59.54 rec_neg:36.75 F1_pos:49.68 F1_neg:43.57 
2023-12-13 22:58:58,237  - code:BayesSSE.603288 mae:4.6093 mse:33.6176 acc:49.83 pre_pos:48.54 pre_neg:55.17 rec_pos:81.69 rec_neg:20.65 F1_pos:60.89 F1_neg:30.05 
2023-12-13 22:58:58,485  - code:BayesSSE.601985 mae:0.4566 mse:0.4439 acc:52.19 pre_pos:33.33 pre_neg:53.62 rec_pos:5.19 rec_neg:91.36 F1_pos:8.97 F1_neg:67.58 
2023-12-13 22:58:58,741  - code:BayesSSE.601939 mae:0.1598 mse:0.0368 acc:44.78 pre_pos:42.05 pre_neg:50.00 rec_pos:61.65 rec_neg:31.10 F1_pos:50.00 F1_neg:38.35 
2023-12-13 22:58:59,000  - code:BayesSSE.601919 mae:1.6052 mse:3.6234 acc:46.46 pre_pos:45.73 pre_neg:100.00 rec_pos:100.00 rec_neg:2.45 F1_pos:62.76 F1_neg:4.79 
2023-12-13 22:58:59,259  - code:BayesSSE.601888 mae:6.9874 mse:86.3774 acc:51.52 pre_pos:49.33 pre_neg:58.11 rec_pos:78.01 rec_neg:27.56 F1_pos:60.44 F1_neg:37.39 
2023-12-13 22:58:59,497  - code:BayesSSE.601398 mae:0.1938 mse:0.0488 acc:48.15 pre_pos:42.86 pre_neg:55.04 rec_pos:55.38 rec_neg:42.51 F1_pos:48.32 F1_neg:47.97 
2023-12-13 22:58:59,740  - code:BayesSSE.601318 mae:10.5591 mse:128.1893 acc:47.81 pre_pos:47.81 pre_neg:0.00 rec_pos:100.00 rec_neg:0.00 F1_pos:64.69 F1_neg:0.00 
2023-12-13 22:59:00,042  - code:BayesSSE.601166 mae:0.3336 mse:0.1931 acc:50.84 pre_pos:47.89 pre_neg:56.07 rec_pos:65.94 rec_neg:37.74 F1_pos:55.49 F1_neg:45.11 
2023-12-13 22:59:00,320  - code:BayesSSE.601088 mae:7.2984 mse:60.8103 acc:46.80 pre_pos:0.00 pre_neg:46.80 rec_pos:0.00 rec_neg:100.00 F1_pos:0.00 F1_neg:63.76 
2023-12-13 22:59:00,582  - code:BayesSSE.600900 mae:1.6461 mse:3.9691 acc:53.87 pre_pos:50.00 pre_neg:53.98 rec_pos:2.92 rec_neg:97.50 F1_pos:5.52 F1_neg:69.49 
2023-12-13 22:59:00,845  - code:BayesSSE.600887 mae:0.6216 mse:0.6191 acc:47.14 pre_pos:40.98 pre_neg:51.43 rec_pos:37.04 rec_neg:55.56 F1_pos:38.91 F1_neg:53.41 
2023-12-13 22:59:01,086  - code:BayesSSE.600585 mae:0.9552 mse:1.7018 acc:50.51 pre_pos:46.76 pre_neg:60.49 rec_pos:75.94 rec_neg:29.88 F1_pos:57.88 F1_neg:40.00 
2023-12-13 22:59:01,324  - code:BayesSSE.600519 mae:44.0217 mse:3762.5697 acc:51.18 pre_pos:46.50 pre_neg:60.82 rec_pos:70.99 rec_neg:35.54 F1_pos:56.19 F1_neg:44.87 
2023-12-13 22:59:01,570  - code:BayesSSE.600436 mae:14.0491 mse:282.8360 acc:48.15 pre_pos:46.21 pre_neg:63.64 rec_pos:91.04 rec_neg:12.88 F1_pos:61.31 F1_neg:21.43 
2023-12-13 22:59:01,813  - code:BayesSSE.600276 mae:14.1596 mse:227.4621 acc:44.78 pre_pos:44.78 pre_neg:0.00 rec_pos:100.00 rec_neg:0.00 F1_pos:61.86 F1_neg:0.00 
2023-12-13 22:59:02,068  - code:BayesSSE.600048 mae:0.4050 mse:0.3219 acc:55.56 pre_pos:63.29 pre_neg:52.75 rec_pos:32.68 rec_neg:79.86 F1_pos:43.10 F1_neg:63.54 
2023-12-13 22:59:02,320  - code:BayesSSE.600036 mae:0.8016 mse:1.1627 acc:51.85 pre_pos:47.90 pre_neg:56.92 rec_pos:58.82 rec_neg:45.96 F1_pos:52.81 F1_neg:50.86 
2023-12-13 22:59:02,563  - code:BayesSSE.600031 mae:0.6648 mse:0.6927 acc:45.45 pre_pos:44.92 pre_neg:48.78 rec_pos:84.56 rec_neg:12.42 F1_pos:58.67 F1_neg:19.80 
2023-12-13 22:59:02,826  - code:BayesSSE.600028 mae:0.0526 mse:0.0061 acc:44.44 pre_pos:42.75 pre_neg:45.91 rec_pos:40.69 rec_neg:48.03 F1_pos:41.70 F1_neg:46.95 
2023-12-13 22:59:03,082  - code:BayesSSE.600000 mae:1.4881 mse:2.5309 acc:43.43 pre_pos:43.43 pre_neg:0.00 rec_pos:100.00 rec_neg:0.00 F1_pos:60.56 F1_neg:0.00 
