2023-12-13 21:57:36,766  - Namespace(device=device(type='cuda'), epochs=1, robber_open=0, robber_close=0, margin=1, nMultiplier=100, feeROpen=0.00031999999999999997, feeRClose=0.00132, isMultiDataTrain=True, closedayes=10, targetPoint=0.05, benefit=0.05, width1=12, width2=1, cashPerStock=300000)
2023-12-13 21:57:37,771  - Note: NumExpr detected 12 cores but "NUMEXPR_MAX_THREADS" not set, so enforcing safe limit of 8.
2023-12-13 21:57:37,771  - NumExpr defaulting to 8 threads.
2023-12-13 21:57:37,989  - code:BayesSZSE.300498 mae:0.4184 mse:0.2985 acc:50.17 pre_pos:48.32 pre_neg:52.03 rec_pos:50.35 rec_neg:50.00 F1_pos:49.32 F1_neg:50.99 
2023-12-13 21:57:38,138  - code:BayesSZSE.300122 mae:2.7073 mse:12.3979 acc:50.51 pre_pos:47.59 pre_neg:54.20 rec_pos:56.83 rec_neg:44.94 F1_pos:51.80 F1_neg:49.13 
2023-12-13 21:57:38,250  - code:BayesSZSE.300059 mae:0.5065 mse:0.5572 acc:47.47 pre_pos:44.95 pre_neg:52.53 rec_pos:65.44 rec_neg:32.30 F1_pos:53.29 F1_neg:40.00 
2023-12-13 21:57:38,358  - code:BayesSZSE.002812 mae:5.3351 mse:45.3951 acc:41.41 pre_pos:36.89 pre_neg:55.56 rec_pos:72.17 rec_neg:21.98 F1_pos:48.82 F1_neg:31.50 
2023-12-13 21:57:38,468  - code:BayesSZSE.002594 mae:6.2954 mse:66.3021 acc:53.54 pre_pos:49.72 pre_neg:59.32 rec_pos:64.96 rec_neg:43.75 F1_pos:56.33 F1_neg:50.36 
2023-12-13 21:57:38,581  - code:BayesSZSE.002475 mae:0.8396 mse:1.1871 acc:47.81 pre_pos:41.46 pre_neg:55.64 rec_pos:53.54 rec_neg:43.53 F1_pos:46.74 F1_neg:48.84 
2023-12-13 21:57:38,695  - code:BayesSZSE.002352 mae:1.0797 mse:1.9796 acc:45.79 pre_pos:40.94 pre_neg:50.68 rec_pos:45.52 rec_neg:46.01 F1_pos:43.11 F1_neg:48.23 
2023-12-13 21:57:38,810  - code:BayesSZSE.002027 mae:0.1367 mse:0.0317 acc:48.82 pre_pos:42.31 pre_neg:56.03 rec_pos:51.56 rec_neg:46.75 F1_pos:46.48 F1_neg:50.97 
2023-12-13 21:57:38,913  - code:BayesSZSE.000917 mae:0.0898 mse:0.0150 acc:52.86 pre_pos:49.77 pre_neg:60.98 rec_pos:76.98 rec_neg:31.65 F1_pos:60.45 F1_neg:41.67 
2023-12-13 21:57:39,057  - code:BayesSZSE.000858 mae:3.5114 mse:19.5186 acc:46.13 pre_pos:43.64 pre_neg:49.24 rec_pos:51.80 rec_neg:41.14 F1_pos:47.37 F1_neg:44.83 
2023-12-13 21:57:39,165  - code:BayesSZSE.000776 mae:0.3113 mse:0.1824 acc:62.96 pre_pos:61.11 pre_neg:64.02 rec_pos:49.25 rec_neg:74.23 F1_pos:54.55 F1_neg:68.75 
2023-12-13 21:57:39,274  - code:BayesSZSE.000725 mae:0.0477 mse:0.0044 acc:51.52 pre_pos:42.26 pre_neg:63.57 rec_pos:60.17 rec_neg:45.81 F1_pos:49.65 F1_neg:53.25 
2023-12-13 21:57:39,382  - code:BayesSZSE.000568 mae:4.5232 mse:34.0212 acc:51.85 pre_pos:47.95 pre_neg:55.63 rec_pos:51.09 rec_neg:52.50 F1_pos:49.47 F1_neg:54.02 
2023-12-13 21:57:39,493  - code:BayesSZSE.000002 mae:0.4666 mse:0.3195 acc:46.46 pre_pos:45.86 pre_neg:71.43 rec_pos:98.52 rec_neg:3.09 F1_pos:62.59 F1_neg:5.92 
2023-12-13 21:57:39,599  - code:BayesSZSE.000001 mae:0.2277 mse:0.0927 acc:50.51 pre_pos:44.87 pre_neg:56.74 rec_pos:53.44 rec_neg:48.19 F1_pos:48.78 F1_neg:52.12 
2023-12-13 21:57:39,710  - code:BayesSSE.603288 mae:1.4418 mse:3.8629 acc:48.48 pre_pos:46.75 pre_neg:50.78 rec_pos:55.63 rec_neg:41.94 F1_pos:50.80 F1_neg:45.94 
2023-12-13 21:57:39,819  - code:BayesSSE.601985 mae:0.1051 mse:0.0227 acc:53.54 pre_pos:48.24 pre_neg:55.66 rec_pos:30.37 rec_neg:72.84 F1_pos:37.27 F1_neg:63.10 
2023-12-13 21:57:39,929  - code:BayesSSE.601939 mae:0.0442 mse:0.0036 acc:45.79 pre_pos:44.93 pre_neg:57.14 rec_pos:93.23 rec_neg:7.32 F1_pos:60.64 F1_neg:12.97 
2023-12-13 21:57:40,033  - code:BayesSSE.601919 mae:0.3824 mse:0.2760 acc:50.17 pre_pos:46.60 pre_neg:58.24 rec_pos:71.64 rec_neg:32.52 F1_pos:56.47 F1_neg:41.73 
2023-12-13 21:57:40,142  - code:BayesSSE.601888 mae:4.4420 mse:32.5739 acc:52.86 pre_pos:50.32 pre_neg:55.63 rec_pos:55.32 rec_neg:50.64 F1_pos:52.70 F1_neg:53.02 
2023-12-13 21:57:40,247  - code:BayesSSE.601398 mae:0.0279 mse:0.0015 acc:46.13 pre_pos:44.27 pre_neg:60.00 rec_pos:89.23 rec_neg:12.57 F1_pos:59.18 F1_neg:20.79 
2023-12-13 21:57:40,353  - code:BayesSSE.601318 mae:0.6944 mse:0.8066 acc:48.15 pre_pos:47.79 pre_neg:52.00 rec_pos:91.55 rec_neg:8.39 F1_pos:62.80 F1_neg:14.44 
2023-12-13 21:57:40,467  - code:BayesSSE.601166 mae:0.2563 mse:0.1242 acc:49.49 pre_pos:45.71 pre_neg:52.87 rec_pos:46.38 rec_neg:52.20 F1_pos:46.04 F1_neg:52.53 
2023-12-13 21:57:40,633  - code:BayesSSE.601088 mae:0.5355 mse:0.5479 acc:50.51 pre_pos:62.22 pre_neg:48.41 rec_pos:17.72 rec_neg:87.77 F1_pos:27.59 F1_neg:62.40 
2023-12-13 21:57:40,744  - code:BayesSSE.600900 mae:0.2266 mse:0.0949 acc:54.21 pre_pos:50.42 pre_neg:56.74 rec_pos:43.80 rec_neg:63.12 F1_pos:46.88 F1_neg:59.76 
2023-12-13 21:57:40,851  - code:BayesSSE.600887 mae:0.4596 mse:0.3915 acc:46.13 pre_pos:42.14 pre_neg:50.72 rec_pos:49.63 rec_neg:43.21 F1_pos:45.58 F1_neg:46.67 
2023-12-13 21:57:40,965  - code:BayesSSE.600585 mae:0.5642 mse:0.5760 acc:47.81 pre_pos:43.68 pre_neg:53.66 rec_pos:57.14 rec_neg:40.24 F1_pos:49.51 F1_neg:45.99 
2023-12-13 21:57:41,074  - code:BayesSSE.600519 mae:25.2203 mse:1177.7392 acc:51.85 pre_pos:45.77 pre_neg:57.42 rec_pos:49.62 rec_neg:53.61 F1_pos:47.62 F1_neg:55.45 
2023-12-13 21:57:41,182  - code:BayesSSE.600436 mae:6.6946 mse:81.6233 acc:45.79 pre_pos:44.75 pre_neg:52.50 rec_pos:85.82 rec_neg:12.88 F1_pos:58.82 F1_neg:20.69 
2023-12-13 21:57:41,291  - code:BayesSSE.600276 mae:0.7686 mse:0.9350 acc:45.12 pre_pos:44.57 pre_neg:52.38 rec_pos:92.48 rec_neg:6.71 F1_pos:60.15 F1_neg:11.89 
2023-12-13 21:57:41,401  - code:BayesSSE.600048 mae:0.3441 mse:0.2109 acc:49.83 pre_pos:51.61 pre_neg:48.55 rec_pos:41.83 rec_neg:58.33 F1_pos:46.21 F1_neg:53.00 
2023-12-13 21:57:41,509  - code:BayesSSE.600036 mae:0.6802 mse:0.8468 acc:48.82 pre_pos:45.29 pre_neg:53.54 rec_pos:56.62 rec_neg:42.24 F1_pos:50.33 F1_neg:47.22 
2023-12-13 21:57:41,621  - code:BayesSSE.600031 mae:0.3507 mse:0.2167 acc:46.46 pre_pos:43.43 pre_neg:50.82 rec_pos:55.88 rec_neg:38.51 F1_pos:48.87 F1_neg:43.82 
2023-12-13 21:57:41,736  - code:BayesSSE.600028 mae:0.0398 mse:0.0031 acc:56.23 pre_pos:56.41 pre_neg:56.11 rec_pos:45.52 rec_neg:66.45 F1_pos:50.38 F1_neg:60.84 
2023-12-13 21:57:41,843  - code:BayesSSE.600000 mae:0.0725 mse:0.0087 acc:44.44 pre_pos:43.79 pre_neg:71.43 rec_pos:98.45 rec_neg:2.98 F1_pos:60.62 F1_neg:5.71 
