2023-12-13 16:15:50,151  - Namespace(device=device(type='cuda'), epochs=1, robber_open=0, robber_close=0, margin=1, nMultiplier=100, feeROpen=0.00031999999999999997, feeRClose=0.00132, isMultiDataTrain=True, closedayes=10, targetPoint=0.05, benefit=0.05, width1=12, width2=1, cashPerStock=300000)
2023-12-13 16:15:51,086  - Note: NumExpr detected 12 cores but "NUMEXPR_MAX_THREADS" not set, so enforcing safe limit of 8.
2023-12-13 16:15:51,086  - NumExpr defaulting to 8 threads.
2023-12-13 16:15:55,384  - code:CTTSSZSE.300498 mae:2.6798 mse:9.6548 acc:51.69 pre_pos:50.00 pre_neg:51.79 rec_pos:5.59 rec_neg:94.77 F1_pos:10.06 F1_neg:66.97 
2023-12-13 16:15:56,389  - code:CTTSSZSE.300122 mae:25.7182 mse:825.2897 acc:46.96 pre_pos:46.78 pre_neg:100.00 rec_pos:100.00 rec_neg:0.63 F1_pos:63.74 F1_neg:1.26 
2023-12-13 16:15:57,373  - code:CTTSSZSE.300059 mae:2.2309 mse:8.3077 acc:48.65 pre_pos:45.70 pre_neg:53.64 rec_pos:62.50 rec_neg:36.88 F1_pos:52.80 F1_neg:43.70 
2023-12-13 16:15:58,374  - code:CTTSSZSE.002812 mae:105.9154 mse:12163.3937 acc:38.51 pre_pos:38.51 pre_neg:0.00 rec_pos:100.00 rec_neg:0.00 F1_pos:55.61 F1_neg:0.00 
2023-12-13 16:15:59,382  - code:CTTSSZSE.002594 mae:21.9689 mse:850.7459 acc:53.72 pre_pos:50.00 pre_neg:58.09 rec_pos:58.39 rec_neg:49.69 F1_pos:53.87 F1_neg:53.56 
2023-12-13 16:16:00,374  - code:CTTSSZSE.002475 mae:4.7296 mse:35.0129 acc:45.27 pre_pos:43.38 pre_neg:66.67 rec_pos:93.65 rec_neg:9.41 F1_pos:59.30 F1_neg:16.49 
2023-12-13 16:16:01,405  - code:CTTSSZSE.002352 mae:4.0176 mse:26.3880 acc:56.42 pre_pos:52.21 pre_neg:59.02 rec_pos:44.03 rec_neg:66.67 F1_pos:47.77 F1_neg:62.61 
2023-12-13 16:16:02,422  - code:CTTSSZSE.002027 mae:0.7650 mse:0.8342 acc:54.73 pre_pos:45.45 pre_neg:57.39 rec_pos:23.44 rec_neg:78.57 F1_pos:30.93 F1_neg:66.33 
2023-12-13 16:16:03,444  - code:CTTSSZSE.000917 mae:0.3860 mse:0.2071 acc:55.74 pre_pos:54.17 pre_neg:56.50 rec_pos:37.41 rec_neg:71.97 F1_pos:44.26 F1_neg:63.31 
2023-12-13 16:16:04,398  - code:CTTSSZSE.000858 mae:27.0454 mse:1105.1920 acc:47.97 pre_pos:47.04 pre_neg:53.49 rec_pos:85.61 rec_neg:14.65 F1_pos:60.71 F1_neg:23.00 
2023-12-13 16:16:05,400  - code:CTTSSZSE.000776 mae:1.1267 mse:2.2835 acc:55.74 pre_pos:51.20 pre_neg:59.06 rec_pos:47.76 rec_neg:62.35 F1_pos:49.42 F1_neg:60.66 
2023-12-13 16:16:06,361  - code:CTTSSZSE.000725 mae:0.3836 mse:0.2010 acc:53.72 pre_pos:40.74 pre_neg:61.17 rec_pos:37.61 rec_neg:64.25 F1_pos:39.11 F1_neg:62.67 
2023-12-13 16:16:07,348  - code:CTTSSZSE.000568 mae:17.2324 mse:446.2003 acc:53.04 pre_pos:49.38 pre_neg:57.35 rec_pos:57.66 rec_neg:49.06 F1_pos:53.20 F1_neg:52.88 
2023-12-13 16:16:08,312  - code:CTTSSZSE.000002 mae:8.5827 mse:76.3218 acc:45.27 pre_pos:45.27 pre_neg:0.00 rec_pos:100.00 rec_neg:0.00 F1_pos:62.33 F1_neg:0.00 
2023-12-13 16:16:09,288  - code:CTTSSZSE.000001 mae:1.4428 mse:3.1950 acc:50.68 pre_pos:45.45 pre_neg:57.25 rec_pos:57.25 rec_neg:45.45 F1_pos:50.68 F1_neg:50.68 
2023-12-13 16:16:10,273  - code:CTTSSSE.603288 mae:6.7570 mse:61.8523 acc:50.00 pre_pos:47.06 pre_neg:51.55 rec_pos:33.80 rec_neg:64.94 F1_pos:39.34 F1_neg:57.47 
2023-12-13 16:16:11,244  - code:CTTSSSE.601985 mae:0.5369 mse:0.4804 acc:54.73 pre_pos:52.38 pre_neg:54.91 rec_pos:8.15 rec_neg:93.79 F1_pos:14.10 F1_neg:69.27 
2023-12-13 16:16:12,226  - code:CTTSSSE.601939 mae:0.1087 mse:0.0193 acc:56.08 pre_pos:52.83 pre_neg:56.79 rec_pos:21.05 rec_neg:84.66 F1_pos:30.11 F1_neg:67.98 
2023-12-13 16:16:13,206  - code:CTTSSSE.601919 mae:1.9550 mse:5.2464 acc:46.62 pre_pos:45.17 pre_neg:56.76 rec_pos:87.97 rec_neg:12.88 F1_pos:59.69 F1_neg:21.00 
2023-12-13 16:16:14,201  - code:CTTSSSE.601888 mae:13.6862 mse:278.0252 acc:44.59 pre_pos:42.68 pre_neg:46.76 rec_pos:47.52 rec_neg:41.94 F1_pos:44.97 F1_neg:44.22 
2023-12-13 16:16:15,169  - code:CTTSSSE.601398 mae:0.3556 mse:0.1477 acc:43.92 pre_pos:43.92 pre_neg:0.00 rec_pos:100.00 rec_neg:0.00 F1_pos:61.03 F1_neg:0.00 
2023-12-13 16:16:16,134  - code:CTTSSSE.601318 mae:6.7783 mse:55.1275 acc:48.31 pre_pos:48.14 pre_neg:100.00 rec_pos:100.00 rec_neg:0.65 F1_pos:64.99 F1_neg:1.29 
2023-12-13 16:16:17,106  - code:CTTSSSE.601166 mae:0.9609 mse:1.4521 acc:52.03 pre_pos:48.78 pre_neg:56.06 rec_pos:57.97 rec_neg:46.84 F1_pos:52.98 F1_neg:51.03 
2023-12-13 16:16:18,079  - code:CTTSSSE.601088 mae:9.6086 mse:98.6641 acc:46.96 pre_pos:0.00 pre_neg:46.96 rec_pos:0.00 rec_neg:100.00 F1_pos:0.00 F1_neg:63.91 
2023-12-13 16:16:19,133  - code:CTTSSSE.600900 mae:1.2418 mse:2.0847 acc:54.39 pre_pos:51.52 pre_neg:55.22 rec_pos:24.82 rec_neg:79.87 F1_pos:33.50 F1_neg:65.30 
2023-12-13 16:16:20,095  - code:CTTSSSE.600887 mae:1.2152 mse:2.4478 acc:54.39 pre_pos:50.00 pre_neg:60.00 rec_pos:61.48 rec_neg:48.45 F1_pos:55.15 F1_neg:53.61 
2023-12-13 16:16:21,100  - code:CTTSSSE.600585 mae:1.5629 mse:4.2614 acc:56.08 pre_pos:52.17 pre_neg:57.27 rec_pos:27.07 rec_neg:79.75 F1_pos:35.64 F1_neg:66.67 
2023-12-13 16:16:22,081  - code:CTTSSSE.600519 mae:208.7994 mse:59213.8804 acc:45.27 pre_pos:44.48 pre_neg:60.00 rec_pos:95.42 rec_neg:5.45 F1_pos:60.68 F1_neg:10.00 
2023-12-13 16:16:23,060  - code:CTTSSSE.600436 mae:41.9212 mse:2549.2992 acc:44.93 pre_pos:44.61 pre_neg:48.15 rec_pos:89.55 rec_neg:8.02 F1_pos:59.55 F1_neg:13.76 
2023-12-13 16:16:24,029  - code:CTTSSSE.600276 mae:6.2949 mse:49.4870 acc:44.93 pre_pos:44.93 pre_neg:0.00 rec_pos:100.00 rec_neg:0.00 F1_pos:62.00 F1_neg:0.00 
2023-12-13 16:16:25,014  - code:CTTSSSE.600048 mae:0.7323 mse:0.9034 acc:58.45 pre_pos:57.43 pre_neg:60.64 rec_pos:75.82 rec_neg:39.86 F1_pos:65.35 F1_neg:48.10 
2023-12-13 16:16:26,008  - code:CTTSSSE.600036 mae:2.9225 mse:14.8514 acc:51.01 pre_pos:46.81 pre_neg:54.84 rec_pos:48.53 rec_neg:53.12 F1_pos:47.65 F1_neg:53.97 
2023-12-13 16:16:27,009  - code:CTTSSSE.600031 mae:3.8812 mse:17.3147 acc:45.95 pre_pos:45.95 pre_neg:0.00 rec_pos:100.00 rec_neg:0.00 F1_pos:62.96 F1_neg:0.00 
2023-12-13 16:16:28,008  - code:CTTSSSE.600028 mae:0.2129 mse:0.0657 acc:51.69 pre_pos:54.17 pre_neg:51.47 rec_pos:8.97 rec_neg:92.72 F1_pos:15.38 F1_neg:66.19 
2023-12-13 16:16:29,012  - code:CTTSSSE.600000 mae:1.4869 mse:2.3798 acc:43.58 pre_pos:43.58 pre_neg:0.00 rec_pos:100.00 rec_neg:0.00 F1_pos:60.71 F1_neg:0.00 
