2023-12-13 21:19:55,880  - Namespace(device=device(type='cuda'), epochs=1, robber_open=0, robber_close=0, margin=1, nMultiplier=100, feeROpen=0.00031999999999999997, feeRClose=0.00132, isMultiDataTrain=True, closedayes=10, targetPoint=0.05, benefit=0.05, width1=12, width2=1, cashPerStock=300000)
2023-12-13 21:19:56,907  - Note: NumExpr detected 12 cores but "NUMEXPR_MAX_THREADS" not set, so enforcing safe limit of 8.
2023-12-13 21:19:56,908  - NumExpr defaulting to 8 threads.
2023-12-13 21:19:57,150  - code:LRSZSE.300498 mae:0.4246 mse:0.3093 acc:51.18 pre_pos:49.33 pre_neg:53.06 rec_pos:51.75 rec_neg:50.65 F1_pos:50.51 F1_neg:51.83 
2023-12-13 21:19:57,393  - code:LRSZSE.300122 mae:2.9625 mse:13.9553 acc:49.16 pre_pos:46.20 pre_neg:52.52 rec_pos:52.52 rec_neg:46.20 F1_pos:49.16 F1_neg:49.16 
2023-12-13 21:19:57,550  - code:LRSZSE.300059 mae:0.5186 mse:0.5769 acc:49.83 pre_pos:46.41 pre_neg:55.17 rec_pos:61.76 rec_neg:39.75 F1_pos:53.00 F1_neg:46.21 
2023-12-13 21:19:57,695  - code:LRSZSE.002812 mae:5.3239 mse:45.5747 acc:43.10 pre_pos:37.02 pre_neg:57.30 rec_pos:66.96 rec_neg:28.02 F1_pos:47.68 F1_neg:37.64 
2023-12-13 21:19:57,838  - code:LRSZSE.002594 mae:6.8965 mse:78.8525 acc:52.86 pre_pos:49.13 pre_neg:58.06 rec_pos:62.04 rec_neg:45.00 F1_pos:54.84 F1_neg:50.70 
2023-12-13 21:19:57,988  - code:LRSZSE.002475 mae:0.8509 mse:1.2015 acc:46.80 pre_pos:40.25 pre_neg:54.35 rec_pos:50.39 rec_neg:44.12 F1_pos:44.76 F1_neg:48.70 
2023-12-13 21:19:58,136  - code:LRSZSE.002352 mae:1.1138 mse:2.0690 acc:46.13 pre_pos:41.22 pre_neg:51.01 rec_pos:45.52 rec_neg:46.63 F1_pos:43.26 F1_neg:48.72 
2023-12-13 21:19:58,279  - code:LRSZSE.002027 mae:0.1388 mse:0.0328 acc:48.48 pre_pos:42.24 pre_neg:55.88 rec_pos:53.12 rec_neg:44.97 F1_pos:47.06 F1_neg:49.84 
2023-12-13 21:19:58,416  - code:LRSZSE.000917 mae:0.0917 mse:0.0154 acc:50.17 pre_pos:47.80 pre_neg:55.43 rec_pos:70.50 rec_neg:32.28 F1_pos:56.98 F1_neg:40.80 
2023-12-13 21:19:58,607  - code:LRSZSE.000858 mae:3.6049 mse:20.5290 acc:49.83 pre_pos:46.91 pre_neg:53.33 rec_pos:54.68 rec_neg:45.57 F1_pos:50.50 F1_neg:49.15 
2023-12-13 21:19:58,789  - code:LRSZSE.000776 mae:0.3193 mse:0.1905 acc:59.60 pre_pos:56.25 pre_neg:61.62 rec_pos:47.01 rec_neg:69.94 F1_pos:51.22 F1_neg:65.52 
2023-12-13 21:19:58,963  - code:LRSZSE.000725 mae:0.0499 mse:0.0047 acc:50.51 pre_pos:41.10 pre_neg:61.94 rec_pos:56.78 rec_neg:46.37 F1_pos:47.69 F1_neg:53.04 
2023-12-13 21:19:59,117  - code:LRSZSE.000568 mae:4.7990 mse:37.3704 acc:51.52 pre_pos:47.62 pre_neg:55.33 rec_pos:51.09 rec_neg:51.88 F1_pos:49.30 F1_neg:53.55 
2023-12-13 21:19:59,252  - code:LRSZSE.000002 mae:0.4503 mse:0.3090 acc:46.80 pre_pos:45.88 pre_neg:61.11 rec_pos:94.81 rec_neg:6.79 F1_pos:61.84 F1_neg:12.22 
2023-12-13 21:19:59,395  - code:LRSZSE.000001 mae:0.2285 mse:0.0954 acc:49.49 pre_pos:43.36 pre_neg:55.19 rec_pos:47.33 rec_neg:51.20 F1_pos:45.26 F1_neg:53.12 
2023-12-13 21:19:59,554  - code:LRSSE.603288 mae:1.4726 mse:3.9536 acc:48.48 pre_pos:46.58 pre_neg:50.74 rec_pos:52.82 rec_neg:44.52 F1_pos:49.50 F1_neg:47.42 
2023-12-13 21:19:59,710  - code:LRSSE.601985 mae:0.1055 mse:0.0229 acc:53.87 pre_pos:48.91 pre_neg:56.10 rec_pos:33.33 rec_neg:70.99 F1_pos:39.65 F1_neg:62.67 
2023-12-13 21:19:59,859  - code:LRSSE.601939 mae:0.0442 mse:0.0035 acc:45.45 pre_pos:44.61 pre_neg:53.57 rec_pos:90.23 rec_neg:9.15 F1_pos:59.70 F1_neg:15.62 
2023-12-13 21:20:00,010  - code:LRSSE.601919 mae:0.4221 mse:0.3308 acc:50.51 pre_pos:46.60 pre_neg:57.55 rec_pos:66.42 rec_neg:37.42 F1_pos:54.77 F1_neg:45.35 
2023-12-13 21:20:00,165  - code:LRSSE.601888 mae:4.5304 mse:33.6644 acc:52.19 pre_pos:49.67 pre_neg:54.86 rec_pos:53.90 rec_neg:50.64 F1_pos:51.70 F1_neg:52.67 
2023-12-13 21:20:00,317  - code:LRSSE.601398 mae:0.0279 mse:0.0015 acc:45.79 pre_pos:43.82 pre_neg:56.52 rec_pos:84.62 rec_neg:15.57 F1_pos:57.74 F1_neg:24.41 
2023-12-13 21:20:00,456  - code:LRSSE.601318 mae:0.6939 mse:0.8082 acc:48.82 pre_pos:48.03 pre_neg:53.49 rec_pos:85.92 rec_neg:14.84 F1_pos:61.62 F1_neg:23.23 
2023-12-13 21:20:00,604  - code:LRSSE.601166 mae:0.2609 mse:0.1303 acc:49.49 pre_pos:45.65 pre_neg:52.83 rec_pos:45.65 rec_neg:52.83 F1_pos:45.65 F1_neg:52.83 
2023-12-13 21:20:00,751  - code:LRSSE.601088 mae:0.5465 mse:0.5653 acc:51.52 pre_pos:60.94 pre_neg:48.93 rec_pos:24.68 rec_neg:82.01 F1_pos:35.14 F1_neg:61.29 
2023-12-13 21:20:00,913  - code:LRSSE.600900 mae:0.2275 mse:0.0959 acc:53.20 pre_pos:49.17 pre_neg:55.93 rec_pos:43.07 rec_neg:61.88 F1_pos:45.91 F1_neg:58.75 
2023-12-13 21:20:01,115  - code:LRSSE.600887 mae:0.4662 mse:0.3994 acc:45.79 pre_pos:41.22 pre_neg:50.34 rec_pos:45.19 rec_neg:46.30 F1_pos:43.11 F1_neg:48.23 
2023-12-13 21:20:01,271  - code:LRSSE.600585 mae:0.5775 mse:0.5999 acc:48.15 pre_pos:43.48 pre_neg:53.68 rec_pos:52.63 rec_neg:44.51 F1_pos:47.62 F1_neg:48.67 
2023-12-13 21:20:01,425  - code:LRSSE.600519 mae:25.9594 mse:1237.9665 acc:51.52 pre_pos:45.39 pre_neg:57.05 rec_pos:48.85 rec_neg:53.61 F1_pos:47.06 F1_neg:55.28 
2023-12-13 21:20:01,570  - code:LRSSE.600436 mae:6.7146 mse:84.6083 acc:45.79 pre_pos:44.35 pre_neg:51.72 rec_pos:79.10 rec_neg:18.40 F1_pos:56.84 F1_neg:27.15 
2023-12-13 21:20:01,717  - code:LRSSE.600276 mae:0.7508 mse:0.8902 acc:45.79 pre_pos:44.66 pre_neg:54.29 rec_pos:87.97 rec_neg:11.59 F1_pos:59.24 F1_neg:19.10 
2023-12-13 21:20:01,860  - code:LRSSE.600048 mae:0.3596 mse:0.2291 acc:52.53 pre_pos:54.41 pre_neg:50.93 rec_pos:48.37 rec_neg:56.94 F1_pos:51.21 F1_neg:53.77 
2023-12-13 21:20:02,011  - code:LRSSE.600036 mae:0.6868 mse:0.8664 acc:52.86 pre_pos:48.72 pre_neg:57.45 rec_pos:55.88 rec_neg:50.31 F1_pos:52.05 F1_neg:53.64 
2023-12-13 21:20:02,161  - code:LRSSE.600031 mae:0.3609 mse:0.2260 acc:44.44 pre_pos:41.42 pre_neg:48.44 rec_pos:51.47 rec_neg:38.51 F1_pos:45.90 F1_neg:42.91 
2023-12-13 21:20:02,310  - code:LRSSE.600028 mae:0.0403 mse:0.0032 acc:55.89 pre_pos:55.47 pre_neg:56.21 rec_pos:48.97 rec_neg:62.50 F1_pos:52.01 F1_neg:59.19 
2023-12-13 21:20:02,450  - code:LRSSE.600000 mae:0.0714 mse:0.0085 acc:43.10 pre_pos:42.81 pre_neg:47.37 rec_pos:92.25 rec_neg:5.36 F1_pos:58.48 F1_neg:9.63 
