2023-12-14 00:00:02,108  - Namespace(device=device(type='cuda'), epochs=1, robber_open=0, robber_close=0, margin=1, nMultiplier=100, feeROpen=0.00031999999999999997, feeRClose=0.00132, isMultiDataTrain=True, closedayes=10, targetPoint=0.05, benefit=0.05, width1=12, width2=1, cashPerStock=300000)
2023-12-14 00:00:03,057  - Note: NumExpr detected 12 cores but "NUMEXPR_MAX_THREADS" not set, so enforcing safe limit of 8.
2023-12-14 00:00:03,057  - NumExpr defaulting to 8 threads.
2023-12-14 00:00:06,461  - code:LSTMSZSE.300498 mae:0.7812 mse:1.0306 acc:48.65 pre_pos:46.56 pre_neg:50.30 rec_pos:42.66 rec_neg:54.25 F1_pos:44.53 F1_neg:52.20 
2023-12-14 00:00:07,631  - code:LSTMSZSE.300122 mae:11.8469 mse:187.4734 acc:44.59 pre_pos:45.26 pre_neg:36.36 rec_pos:89.86 rec_neg:5.06 F1_pos:60.19 F1_neg:8.89 
2023-12-14 00:00:08,787  - code:LSTMSZSE.300059 mae:1.1453 mse:2.4041 acc:48.99 pre_pos:46.58 pre_neg:55.84 rec_pos:75.00 rec_neg:26.88 F1_pos:57.46 F1_neg:36.29 
2023-12-14 00:00:10,043  - code:LSTMSZSE.002812 mae:29.9112 mse:1357.0303 acc:56.42 pre_pos:34.69 pre_neg:60.73 rec_pos:14.91 rec_neg:82.42 F1_pos:20.86 F1_neg:69.93 
2023-12-14 00:00:11,174  - code:LSTMSZSE.002594 mae:30.8396 mse:1343.2622 acc:54.39 pre_pos:66.67 pre_neg:54.14 rec_pos:2.92 rec_neg:98.74 F1_pos:5.59 F1_neg:69.93 
2023-12-14 00:00:12,319  - code:LSTMSZSE.002475 mae:1.6979 mse:4.6521 acc:48.65 pre_pos:41.45 pre_neg:56.25 rec_pos:50.00 rec_neg:47.65 F1_pos:45.32 F1_neg:51.59 
2023-12-14 00:00:13,445  - code:LSTMSZSE.002352 mae:3.5706 mse:17.4122 acc:47.30 pre_pos:46.10 pre_neg:71.43 rec_pos:97.01 rec_neg:6.17 F1_pos:62.50 F1_neg:11.36 
2023-12-14 00:00:14,576  - code:LSTMSZSE.002027 mae:0.4675 mse:0.2873 acc:45.61 pre_pos:44.17 pre_neg:76.92 rec_pos:97.66 rec_neg:5.95 F1_pos:60.83 F1_neg:11.05 
2023-12-14 00:00:15,686  - code:LSTMSZSE.000917 mae:0.1528 mse:0.0451 acc:55.41 pre_pos:52.80 pre_neg:57.31 rec_pos:47.48 rec_neg:62.42 F1_pos:50.00 F1_neg:59.76 
2023-12-14 00:00:16,780  - code:LSTMSZSE.000858 mae:6.7143 mse:76.5519 acc:51.69 pre_pos:48.11 pre_neg:53.68 rec_pos:36.69 rec_neg:64.97 F1_pos:41.63 F1_neg:58.79 
2023-12-14 00:00:18,009  - code:LSTMSZSE.000776 mae:1.5533 mse:4.6729 acc:57.77 pre_pos:68.00 pre_neg:56.83 rec_pos:12.69 rec_neg:95.06 F1_pos:21.38 F1_neg:71.13 
2023-12-14 00:00:19,366  - code:LSTMSZSE.000725 mae:0.1445 mse:0.0305 acc:40.54 pre_pos:39.11 pre_neg:56.00 rec_pos:90.60 rec_neg:7.82 F1_pos:54.64 F1_neg:13.73 
2023-12-14 00:00:20,667  - code:LSTMSZSE.000568 mae:22.4712 mse:590.7998 acc:53.72 pre_pos:50.00 pre_neg:53.82 rec_pos:2.92 rec_neg:97.48 F1_pos:5.52 F1_neg:69.35 
2023-12-14 00:00:21,951  - code:LSTMSZSE.000002 mae:1.0373 mse:1.8205 acc:53.38 pre_pos:45.00 pre_neg:54.69 rec_pos:13.43 rec_neg:86.42 F1_pos:20.69 F1_neg:66.99 
2023-12-14 00:00:23,243  - code:LSTMSZSE.000001 mae:0.4064 mse:0.2661 acc:53.04 pre_pos:46.00 pre_neg:56.63 rec_pos:35.11 rec_neg:67.27 F1_pos:39.83 F1_neg:61.50 
2023-12-14 00:00:24,490  - code:LSTMSSE.603288 mae:5.2064 mse:38.3148 acc:50.68 pre_pos:49.17 pre_neg:57.14 rec_pos:83.10 rec_neg:20.78 F1_pos:61.78 F1_neg:30.48 
2023-12-14 00:00:25,766  - code:LSTMSSE.601985 mae:0.9872 mse:1.2533 acc:54.39 pre_pos:0.00 pre_neg:54.39 rec_pos:0.00 rec_neg:100.00 F1_pos:0.00 F1_neg:70.46 
2023-12-14 00:00:26,970  - code:LSTMSSE.601939 mae:0.2295 mse:0.0768 acc:48.65 pre_pos:46.18 pre_neg:61.70 rec_pos:86.47 rec_neg:17.79 F1_pos:60.21 F1_neg:27.62 
2023-12-14 00:00:28,226  - code:LSTMSSE.601919 mae:0.8369 mse:1.0390 acc:50.68 pre_pos:46.92 pre_neg:60.00 rec_pos:74.44 rec_neg:31.29 F1_pos:57.56 F1_neg:41.13 
2023-12-14 00:00:29,428  - code:LSTMSSE.601888 mae:8.5374 mse:108.1322 acc:49.32 pre_pos:47.83 pre_neg:52.81 rec_pos:70.21 rec_neg:30.32 F1_pos:56.90 F1_neg:38.52 
2023-12-14 00:00:30,597  - code:LSTMSSE.601398 mae:0.3009 mse:0.1341 acc:50.34 pre_pos:44.65 pre_neg:56.93 rec_pos:54.62 rec_neg:46.99 F1_pos:49.13 F1_neg:51.49 
2023-12-14 00:00:31,744  - code:LSTMSSE.601318 mae:3.5051 mse:16.2608 acc:49.32 pre_pos:48.60 pre_neg:70.00 rec_pos:97.89 rec_neg:4.55 F1_pos:64.95 F1_neg:8.54 
2023-12-14 00:00:32,956  - code:LSTMSSE.601166 mae:0.5583 mse:0.4636 acc:53.72 pre_pos:50.24 pre_neg:62.07 rec_pos:76.09 rec_neg:34.18 F1_pos:60.52 F1_neg:44.08 
2023-12-14 00:00:34,151  - code:LSTMSSE.601088 mae:7.5131 mse:61.2620 acc:46.96 pre_pos:0.00 pre_neg:46.96 rec_pos:0.00 rec_neg:100.00 F1_pos:0.00 F1_neg:63.91 
2023-12-14 00:00:35,343  - code:LSTMSSE.600900 mae:2.0024 mse:4.6681 acc:53.72 pre_pos:0.00 pre_neg:53.72 rec_pos:0.00 rec_neg:100.00 F1_pos:0.00 F1_neg:69.89 
2023-12-14 00:00:36,513  - code:LSTMSSE.600887 mae:1.7536 mse:4.4076 acc:53.72 pre_pos:46.15 pre_neg:54.44 rec_pos:8.89 rec_neg:91.30 F1_pos:14.91 F1_neg:68.21 
2023-12-14 00:00:37,774  - code:LSTMSSE.600585 mae:1.4791 mse:3.1251 acc:47.97 pre_pos:45.41 pre_neg:56.72 rec_pos:78.20 rec_neg:23.31 F1_pos:57.46 F1_neg:33.04 
2023-12-14 00:00:38,965  - code:LSTMSSE.600519 mae:45.7077 mse:4217.5567 acc:50.68 pre_pos:45.61 pre_neg:57.60 rec_pos:59.54 rec_neg:43.64 F1_pos:51.66 F1_neg:49.66 
2023-12-14 00:00:40,142  - code:LSTMSSE.600436 mae:14.8855 mse:341.9008 acc:44.26 pre_pos:43.51 pre_neg:47.37 rec_pos:77.61 rec_neg:16.67 F1_pos:55.76 F1_neg:24.66 
2023-12-14 00:00:41,346  - code:LSTMSSE.600276 mae:3.2308 mse:13.1661 acc:46.62 pre_pos:45.61 pre_neg:72.73 rec_pos:97.74 rec_neg:4.91 F1_pos:62.20 F1_neg:9.20 
2023-12-14 00:00:42,548  - code:LSTMSSE.600048 mae:0.5610 mse:0.5243 acc:57.09 pre_pos:60.66 pre_neg:54.60 rec_pos:48.37 rec_neg:66.43 F1_pos:53.82 F1_neg:59.94 
2023-12-14 00:00:43,903  - code:LSTMSSE.600036 mae:1.3895 mse:3.5492 acc:51.35 pre_pos:47.75 pre_neg:56.78 rec_pos:62.50 rec_neg:41.88 F1_pos:54.14 F1_neg:48.20 
2023-12-14 00:00:45,063  - code:LSTMSSE.600031 mae:2.1612 mse:5.2716 acc:45.95 pre_pos:45.92 pre_neg:50.00 rec_pos:99.26 rec_neg:0.62 F1_pos:62.79 F1_neg:1.23 
2023-12-14 00:00:46,323  - code:LSTMSSE.600028 mae:0.1316 mse:0.0257 acc:51.69 pre_pos:53.85 pre_neg:51.48 rec_pos:9.66 rec_neg:92.05 F1_pos:16.37 F1_neg:66.03 
2023-12-14 00:00:47,555  - code:LSTMSSE.600000 mae:1.4928 mse:2.3384 acc:43.58 pre_pos:43.58 pre_neg:0.00 rec_pos:100.00 rec_neg:0.00 F1_pos:60.71 F1_neg:0.00 
